teacherShareLearn/build/outputs/logs/manifest-merger-debug-report.txt
-- Merging decision tree log ---
manifest
ADDED from src\main\AndroidManifest.xml:2:1-275:12
	package
		ADDED from src\main\AndroidManifest.xml:3:11-38
		INJECTED from src\main\AndroidManifest.xml
		INJECTED from src\main\AndroidManifest.xml
	android:versionName
		ADDED from src\main\AndroidManifest.xml:5:11-39
		INJECTED from src\main\AndroidManifest.xml
		INJECTED from src\main\AndroidManifest.xml
	android:versionCode
		ADDED from src\main\AndroidManifest.xml:4:11-34
		INJECTED from src\main\AndroidManifest.xml
		INJECTED from src\main\AndroidManifest.xml
	xmlns:android
		ADDED from src\main\AndroidManifest.xml:2:11-69
uses-sdk
ADDED from src\main\AndroidManifest.xml:6:5-43
MERGED from [com.android.support:support-v4:23.4.0] AndroidManifest.xml:20:5-43
	android:targetSdkVersion
		INJECTED from src\main\AndroidManifest.xml
		INJECTED from src\main\AndroidManifest.xml
	android:minSdkVersion
		ADDED from src\main\AndroidManifest.xml:6:15-41
		INJECTED from src\main\AndroidManifest.xml
		INJECTED from src\main\AndroidManifest.xml
uses-permission#android.permission.ACCESS_NETWORK_STATE
ADDED from src\main\AndroidManifest.xml:7:5-95
	android:name
		ADDED from src\main\AndroidManifest.xml:7:22-76
uses-permission#android.permission.ACCESS_COARSE_LOCATION
ADDED from src\main\AndroidManifest.xml:8:5-81
	android:name
		ADDED from src\main\AndroidManifest.xml:8:22-78
uses-permission#android.permission.ACCESS_FINE_LOCATION
ADDED from src\main\AndroidManifest.xml:9:5-79
	android:name
		ADDED from src\main\AndroidManifest.xml:9:22-76
uses-permission#android.permission.ACCESS_WIFI_STATE
ADDED from src\main\AndroidManifest.xml:10:5-76
	android:name
		ADDED from src\main\AndroidManifest.xml:10:22-73
uses-permission#android.permission.CHANGE_WIFI_STATE
ADDED from src\main\AndroidManifest.xml:12:5-76
	android:name
		ADDED from src\main\AndroidManifest.xml:12:22-73
uses-permission#android.permission.READ_PHONE_STATE
ADDED from src\main\AndroidManifest.xml:13:5-75
	android:name
		ADDED from src\main\AndroidManifest.xml:13:22-72
uses-permission#android.permission.WRITE_EXTERNAL_STORAGE
ADDED from src\main\AndroidManifest.xml:14:5-81
	android:name
		ADDED from src\main\AndroidManifest.xml:14:22-78
uses-permission#android.permission.INTERNET
ADDED from src\main\AndroidManifest.xml:15:5-67
	android:name
		ADDED from src\main\AndroidManifest.xml:15:22-64
uses-permission#android.permission.MOUNT_UNMOUNT_FILESYSTEMS
ADDED from src\main\AndroidManifest.xml:16:5-84
	android:name
		ADDED from src\main\AndroidManifest.xml:16:22-81
uses-permission#android.permission.READ_LOGS
ADDED from src\main\AndroidManifest.xml:17:5-68
	android:name
		ADDED from src\main\AndroidManifest.xml:17:22-65
uses-permission#android.permission.VIBRATE
ADDED from src\main\AndroidManifest.xml:18:5-66
	android:name
		ADDED from src\main\AndroidManifest.xml:18:22-63
uses-permission#android.permission.WAKE_LOCK
ADDED from src\main\AndroidManifest.xml:19:5-68
	android:name
		ADDED from src\main\AndroidManifest.xml:19:22-65
uses-permission#android.permission.WRITE_SETTINGS
ADDED from src\main\AndroidManifest.xml:20:5-73
	android:name
		ADDED from src\main\AndroidManifest.xml:20:22-70
uses-permission#android.permission.CALL_PHONE
ADDED from src\main\AndroidManifest.xml:23:5-85
	android:name
		ADDED from src\main\AndroidManifest.xml:23:22-66
permission#com.share.teacher.permission.JPUSH_MESSAGE
ADDED from src\main\AndroidManifest.xml:24:5-26:51
	android:protectionLevel
		ADDED from src\main\AndroidManifest.xml:26:13-48
	android:name
		ADDED from src\main\AndroidManifest.xml:25:13-70
uses-permission#com.share.teacher.permission.JPUSH_MESSAGE
ADDED from src\main\AndroidManifest.xml:29:5-82
	android:name
		ADDED from src\main\AndroidManifest.xml:29:22-79
uses-permission#android.permission.RECEIVE_USER_PRESENT
ADDED from src\main\AndroidManifest.xml:30:5-79
	android:name
		ADDED from src\main\AndroidManifest.xml:30:22-76
uses-permission#android.permission.READ_EXTERNAL_STORAGE
ADDED from src\main\AndroidManifest.xml:35:5-80
	android:name
		ADDED from src\main\AndroidManifest.xml:35:22-77
uses-permission#android.permission.SYSTEM_ALERT_WINDOW
ADDED from src\main\AndroidManifest.xml:41:5-77
	android:name
		ADDED from src\main\AndroidManifest.xml:41:22-75
uses-permission#android.permission.ACCESS_LOCATION_EXTRA_COMMANDS
ADDED from src\main\AndroidManifest.xml:49:5-89
	android:name
		ADDED from src\main\AndroidManifest.xml:49:22-86
uses-permission#android.permission.CHANGE_NETWORK_STATE
ADDED from src\main\AndroidManifest.xml:50:5-79
	android:name
		ADDED from src\main\AndroidManifest.xml:50:22-76
application
ADDED from src\main\AndroidManifest.xml:52:5-274:19
MERGED from [com.android.support:support-v4:23.4.0] AndroidManifest.xml:22:5-20
	android:label
		ADDED from src\main\AndroidManifest.xml:52:18-50
	android:allowBackup
		ADDED from src\main\AndroidManifest.xml:56:18-44
	android:icon
		ADDED from src\main\AndroidManifest.xml:53:18-54
	android:theme
		ADDED from src\main\AndroidManifest.xml:54:18-65
	android:name
		ADDED from src\main\AndroidManifest.xml:55:18-55
service#com.baidu.location.f
ADDED from src\main\AndroidManifest.xml:58:9-66:19
	android:enabled
		ADDED from src\main\AndroidManifest.xml:60:17-39
	android:process
		ADDED from src\main\AndroidManifest.xml:61:17-42
	android:name
		ADDED from src\main\AndroidManifest.xml:59:17-52
intent-filter#com.baidu.location.service_v2.2
ADDED from src\main\AndroidManifest.xml:62:13-65:29
action#com.baidu.location.service_v2.2
ADDED from src\main\AndroidManifest.xml:63:17-64:26
	android:name
		ADDED from src\main\AndroidManifest.xml:63:25-71
meta-data#com.baidu.lbsapi.API_KEY
ADDED from src\main\AndroidManifest.xml:67:9-69:60
	android:value
		ADDED from src\main\AndroidManifest.xml:69:17-57
	android:name
		ADDED from src\main\AndroidManifest.xml:68:17-56
activity#com.share.teacher.activity.SplashActivity
ADDED from src\main\AndroidManifest.xml:71:9-78:20
	android:label
		ADDED from src\main\AndroidManifest.xml:72:19-51
	android:name
		ADDED from src\main\AndroidManifest.xml:71:19-58
intent-filter#android.intent.action.MAIN+android.intent.category.LAUNCHER
ADDED from src\main\AndroidManifest.xml:74:13-77:29
action#android.intent.action.MAIN
ADDED from src\main\AndroidManifest.xml:75:17-68
	android:name
		ADDED from src\main\AndroidManifest.xml:75:25-66
category#android.intent.category.LAUNCHER
ADDED from src\main\AndroidManifest.xml:76:17-76
	android:name
		ADDED from src\main\AndroidManifest.xml:76:27-74
activity#com.share.teacher.activity.GuideActivity
ADDED from src\main\AndroidManifest.xml:80:9-81:57
	android:screenOrientation
		ADDED from src\main\AndroidManifest.xml:81:19-55
	android:name
		ADDED from src\main\AndroidManifest.xml:80:19-57
activity#com.share.teacher.activity.MainActivity
ADDED from src\main\AndroidManifest.xml:82:9-83:57
	android:screenOrientation
		ADDED from src\main\AndroidManifest.xml:83:19-55
	android:name
		ADDED from src\main\AndroidManifest.xml:82:19-56
activity#com.share.teacher.activity.ChooseCityActivity
ADDED from src\main\AndroidManifest.xml:84:9-85:57
	android:screenOrientation
		ADDED from src\main\AndroidManifest.xml:85:19-55
	android:name
		ADDED from src\main\AndroidManifest.xml:84:19-62
activity#com.share.teacher.activity.home.SearchActivity
ADDED from src\main\AndroidManifest.xml:86:9-87:57
	android:screenOrientation
		ADDED from src\main\AndroidManifest.xml:87:19-55
	android:name
		ADDED from src\main\AndroidManifest.xml:86:19-63
activity#com.share.teacher.activity.teacher.TeacherDetailActivity
ADDED from src\main\AndroidManifest.xml:88:9-89:57
	android:screenOrientation
		ADDED from src\main\AndroidManifest.xml:89:19-55
	android:name
		ADDED from src\main\AndroidManifest.xml:88:19-73
activity#com.share.teacher.activity.home.ChooseActivity
ADDED from src\main\AndroidManifest.xml:90:9-91:57
	android:screenOrientation
		ADDED from src\main\AndroidManifest.xml:91:19-55
	android:name
		ADDED from src\main\AndroidManifest.xml:90:19-63
activity#com.share.teacher.activity.teacher.ChooseJoinorActivity
ADDED from src\main\AndroidManifest.xml:92:9-93:57
	android:screenOrientation
		ADDED from src\main\AndroidManifest.xml:93:19-55
	android:name
		ADDED from src\main\AndroidManifest.xml:92:19-72
activity#com.share.teacher.activity.teacher.ChooseTeacherActivity
ADDED from src\main\AndroidManifest.xml:94:9-95:57
	android:screenOrientation
		ADDED from src\main\AndroidManifest.xml:95:19-55
	android:name
		ADDED from src\main\AndroidManifest.xml:94:19-73
activity#com.share.teacher.activity.center.PCenterInfoUserActivity
ADDED from src\main\AndroidManifest.xml:96:9-97:57
	android:screenOrientation
		ADDED from src\main\AndroidManifest.xml:97:19-55
	android:name
		ADDED from src\main\AndroidManifest.xml:96:19-74
activity#com.share.teacher.activity.center.PCenterModifyInfoActivity
ADDED from src\main\AndroidManifest.xml:98:9-99:57
	android:screenOrientation
		ADDED from src\main\AndroidManifest.xml:99:19-55
	android:name
		ADDED from src\main\AndroidManifest.xml:98:19-76
activity#com.share.teacher.activity.center.OrderActivity
ADDED from src\main\AndroidManifest.xml:100:9-101:57
	android:screenOrientation
		ADDED from src\main\AndroidManifest.xml:101:19-55
	android:name
		ADDED from src\main\AndroidManifest.xml:100:19-64
activity#com.share.teacher.activity.center.WalletActivity
ADDED from src\main\AndroidManifest.xml:102:9-103:57
	android:screenOrientation
		ADDED from src\main\AndroidManifest.xml:103:19-55
	android:name
		ADDED from src\main\AndroidManifest.xml:102:19-65
activity#com.share.teacher.activity.center.RechargeActivity
ADDED from src\main\AndroidManifest.xml:104:9-105:57
	android:screenOrientation
		ADDED from src\main\AndroidManifest.xml:105:19-55
	android:name
		ADDED from src\main\AndroidManifest.xml:104:19-67
activity#com.share.teacher.activity.center.DetailActivity
ADDED from src\main\AndroidManifest.xml:106:9-107:57
	android:screenOrientation
		ADDED from src\main\AndroidManifest.xml:107:19-55
	android:name
		ADDED from src\main\AndroidManifest.xml:106:19-65
activity#com.share.teacher.activity.center.OrderDetailActivity
ADDED from src\main\AndroidManifest.xml:108:9-109:57
	android:screenOrientation
		ADDED from src\main\AndroidManifest.xml:109:19-55
	android:name
		ADDED from src\main\AndroidManifest.xml:108:19-70
activity#com.share.teacher.activity.center.FeedBackActivity
ADDED from src\main\AndroidManifest.xml:110:9-111:57
	android:screenOrientation
		ADDED from src\main\AndroidManifest.xml:111:19-55
	android:name
		ADDED from src\main\AndroidManifest.xml:110:19-67
activity#com.share.teacher.activity.center.SettingActivity
ADDED from src\main\AndroidManifest.xml:112:9-113:57
	android:screenOrientation
		ADDED from src\main\AndroidManifest.xml:113:19-55
	android:name
		ADDED from src\main\AndroidManifest.xml:112:19-66
activity#com.share.teacher.activity.center.ServiceProtocolActivity
ADDED from src\main\AndroidManifest.xml:114:9-115:57
	android:screenOrientation
		ADDED from src\main\AndroidManifest.xml:115:19-55
	android:name
		ADDED from src\main\AndroidManifest.xml:114:19-74
activity#com.share.teacher.activity.center.SystemMsgActivity
ADDED from src\main\AndroidManifest.xml:116:9-117:57
	android:screenOrientation
		ADDED from src\main\AndroidManifest.xml:117:19-55
	android:name
		ADDED from src\main\AndroidManifest.xml:116:19-68
activity#com.share.teacher.activity.center.ResetPassActivity
ADDED from src\main\AndroidManifest.xml:118:9-119:57
	android:screenOrientation
		ADDED from src\main\AndroidManifest.xml:119:19-55
	android:name
		ADDED from src\main\AndroidManifest.xml:118:19-68
activity#com.share.teacher.activity.center.PurchaseCourseActivity
ADDED from src\main\AndroidManifest.xml:120:9-121:57
	android:screenOrientation
		ADDED from src\main\AndroidManifest.xml:121:19-55
	android:name
		ADDED from src\main\AndroidManifest.xml:120:19-73
activity#com.share.teacher.activity.teacher.ChatMsgActivity
ADDED from src\main\AndroidManifest.xml:122:9-123:57
	android:screenOrientation
		ADDED from src\main\AndroidManifest.xml:123:19-55
	android:name
		ADDED from src\main\AndroidManifest.xml:122:19-67
activity#com.share.teacher.activity.teacher.Cour
ADDED from src\main\AndroidManifest.xml:124:9-125:57
	android:screenOrientation
		ADDED from src\main\AndroidManifest.xml:125:19-55
	android:name
		ADDED from src\main\AndroidManifest.xml:124:19-56
activity#com.share.teacher.activity.login.RegisterActivity
ADDED from src\main\AndroidManifest.xml:126:9-127:57
	android:screenOrientation
		ADDED from src\main\AndroidManifest.xml:127:19-55
	android:name
		ADDED from src\main\AndroidManifest.xml:126:19-66
activity#com.share.teacher.activity.login.LoginActivity
ADDED from src\main\AndroidManifest.xml:128:9-130:57
	android:screenOrientation
		ADDED from src\main\AndroidManifest.xml:130:19-55
	android:launchMode
		ADDED from src\main\AndroidManifest.xml:129:19-50
	android:name
		ADDED from src\main\AndroidManifest.xml:128:19-63
activity#com.share.teacher.activity.login.ForgetPassActivity
ADDED from src\main\AndroidManifest.xml:131:9-132:57
	android:screenOrientation
		ADDED from src\main\AndroidManifest.xml:132:19-55
	android:name
		ADDED from src\main\AndroidManifest.xml:131:19-68
activity#com.share.teacher.activity.teacher.EvaluateActivity
ADDED from src\main\AndroidManifest.xml:133:9-134:57
	android:screenOrientation
		ADDED from src\main\AndroidManifest.xml:134:19-55
	android:name
		ADDED from src\main\AndroidManifest.xml:133:19-68
activity#com.share.teacher.activity.center.WidthDrawActivity
ADDED from src\main\AndroidManifest.xml:135:9-136:57
	android:screenOrientation
		ADDED from src\main\AndroidManifest.xml:136:19-55
	android:name
		ADDED from src\main\AndroidManifest.xml:135:19-68
activity#com.share.teacher.activity.home.MultiChooseActivity
ADDED from src\main\AndroidManifest.xml:137:9-138:57
	android:screenOrientation
		ADDED from src\main\AndroidManifest.xml:138:19-55
	android:name
		ADDED from src\main\AndroidManifest.xml:137:19-68
activity#com.share.teacher.activity.home.TeaCourseSettingActivity
ADDED from src\main\AndroidManifest.xml:139:9-140:57
	android:screenOrientation
		ADDED from src\main\AndroidManifest.xml:140:19-55
	android:name
		ADDED from src\main\AndroidManifest.xml:139:19-73
activity#com.share.teacher.activity.center.EditActivity
ADDED from src\main\AndroidManifest.xml:141:9-142:57
	android:screenOrientation
		ADDED from src\main\AndroidManifest.xml:142:19-55
	android:name
		ADDED from src\main\AndroidManifest.xml:141:19-63
activity#com.share.teacher.activity.teacher.MyAssetActivity
ADDED from src\main\AndroidManifest.xml:143:9-144:57
	android:screenOrientation
		ADDED from src\main\AndroidManifest.xml:144:19-55
	android:name
		ADDED from src\main\AndroidManifest.xml:143:19-67
activity#com.share.teacher.activity.home.MsgChooseActivity
ADDED from src\main\AndroidManifest.xml:145:9-146:57
	android:screenOrientation
		ADDED from src\main\AndroidManifest.xml:146:19-55
	android:name
		ADDED from src\main\AndroidManifest.xml:145:19-66
activity#com.share.teacher.activity.teacher.CourseListActivity
ADDED from src\main\AndroidManifest.xml:147:9-148:57
	android:screenOrientation
		ADDED from src\main\AndroidManifest.xml:148:19-55
	android:name
		ADDED from src\main\AndroidManifest.xml:147:19-70
activity#com.share.teacher.activity.center.WithdrawTypeActivity
ADDED from src\main\AndroidManifest.xml:149:9-150:57
	android:screenOrientation
		ADDED from src\main\AndroidManifest.xml:150:19-55
	android:name
		ADDED from src\main\AndroidManifest.xml:149:19-71
activity#cn.jpush.android.ui.PopWinActivity
ADDED from src\main\AndroidManifest.xml:155:9-159:20
	android:exported
		ADDED from src\main\AndroidManifest.xml:158:17-41
	android:theme
		ADDED from src\main\AndroidManifest.xml:157:17-53
	android:name
		ADDED from src\main\AndroidManifest.xml:156:17-66
activity#cn.jpush.android.ui.PushActivity
ADDED from src\main\AndroidManifest.xml:162:9-172:20
	android:exported
		ADDED from src\main\AndroidManifest.xml:166:17-41
	android:configChanges
		ADDED from src\main\AndroidManifest.xml:164:17-67
	android:theme
		ADDED from src\main\AndroidManifest.xml:165:17-64
	android:name
		ADDED from src\main\AndroidManifest.xml:163:17-64
intent-filter#android.intent.category.DEFAULT+cn.jpush.android.ui.PushActivity+com.share.teacher
ADDED from src\main\AndroidManifest.xml:167:13-171:29
action#cn.jpush.android.ui.PushActivity
ADDED from src\main\AndroidManifest.xml:168:17-75
	android:name
		ADDED from src\main\AndroidManifest.xml:168:25-72
category#android.intent.category.DEFAULT
ADDED from src\main\AndroidManifest.xml:169:17-76
	android:name
		ADDED from src\main\AndroidManifest.xml:169:27-73
category#com.share.teacher
ADDED from src\main\AndroidManifest.xml:170:17-62
	android:name
		ADDED from src\main\AndroidManifest.xml:170:27-59
service#cn.jpush.android.service.DownloadService
ADDED from src\main\AndroidManifest.xml:174:9-178:19
	android:enabled
		ADDED from src\main\AndroidManifest.xml:176:17-39
	android:exported
		ADDED from src\main\AndroidManifest.xml:177:17-41
	android:name
		ADDED from src\main\AndroidManifest.xml:175:17-72
service#cn.jpush.android.service.PushService
ADDED from src\main\AndroidManifest.xml:183:9-193:19
	android:enabled
		ADDED from src\main\AndroidManifest.xml:185:17-39
	android:exported
		ADDED from src\main\AndroidManifest.xml:186:17-41
	android:name
		ADDED from src\main\AndroidManifest.xml:184:17-68
intent-filter#cn.jpush.android.intent.PUSH_TIME+cn.jpush.android.intent.PushService+cn.jpush.android.intent.REGISTER+cn.jpush.android.intent.REPORT
ADDED from src\main\AndroidManifest.xml:187:13-192:29
action#cn.jpush.android.intent.REGISTER
ADDED from src\main\AndroidManifest.xml:188:17-75
	android:name
		ADDED from src\main\AndroidManifest.xml:188:25-72
action#cn.jpush.android.intent.REPORT
ADDED from src\main\AndroidManifest.xml:189:17-73
	android:name
		ADDED from src\main\AndroidManifest.xml:189:25-70
action#cn.jpush.android.intent.PushService
ADDED from src\main\AndroidManifest.xml:190:17-78
	android:name
		ADDED from src\main\AndroidManifest.xml:190:25-75
action#cn.jpush.android.intent.PUSH_TIME
ADDED from src\main\AndroidManifest.xml:191:17-76
	android:name
		ADDED from src\main\AndroidManifest.xml:191:25-73
service#cn.jpush.android.service.DaemonService
ADDED from src\main\AndroidManifest.xml:197:9-206:19
	android:enabled
		ADDED from src\main\AndroidManifest.xml:199:17-39
	android:exported
		ADDED from src\main\AndroidManifest.xml:200:17-40
	android:name
		ADDED from src\main\AndroidManifest.xml:198:17-70
intent-filter#cn.jpush.android.intent.DaemonService+com.share.teacher
ADDED from src\main\AndroidManifest.xml:201:13-204:29
action#cn.jpush.android.intent.DaemonService
ADDED from src\main\AndroidManifest.xml:202:17-80
	android:name
		ADDED from src\main\AndroidManifest.xml:202:25-77
receiver#cn.jpush.android.service.PushReceiver
ADDED from src\main\AndroidManifest.xml:209:9-228:20
	android:enabled
		ADDED from src\main\AndroidManifest.xml:211:17-39
	android:exported
		ADDED from src\main\AndroidManifest.xml:212:17-41
	android:name
		ADDED from src\main\AndroidManifest.xml:210:17-69
intent-filter#cn.jpush.android.intent.NOTIFICATION_RECEIVED_PROXY+com.share.teacher
ADDED from src\main\AndroidManifest.xml:213:13-216:29
	android:priority
		ADDED from src\main\AndroidManifest.xml:213:28-51
action#cn.jpush.android.intent.NOTIFICATION_RECEIVED_PROXY
ADDED from src\main\AndroidManifest.xml:214:17-94
	android:name
		ADDED from src\main\AndroidManifest.xml:214:25-91
intent-filter#android.intent.action.USER_PRESENT+android.net.conn.CONNECTIVITY_CHANGE
ADDED from src\main\AndroidManifest.xml:217:13-220:29
action#android.intent.action.USER_PRESENT
ADDED from src\main\AndroidManifest.xml:218:17-77
	android:name
		ADDED from src\main\AndroidManifest.xml:218:25-74
action#android.net.conn.CONNECTIVITY_CHANGE
ADDED from src\main\AndroidManifest.xml:219:17-79
	android:name
		ADDED from src\main\AndroidManifest.xml:219:25-76
intent-filter#android.intent.action.PACKAGE_ADDED+android.intent.action.PACKAGE_REMOVED
ADDED from src\main\AndroidManifest.xml:222:13-226:29
action#android.intent.action.PACKAGE_ADDED
ADDED from src\main\AndroidManifest.xml:223:17-78
	android:name
		ADDED from src\main\AndroidManifest.xml:223:25-75
action#android.intent.action.PACKAGE_REMOVED
ADDED from src\main\AndroidManifest.xml:224:17-80
	android:name
		ADDED from src\main\AndroidManifest.xml:224:25-77
data
ADDED from src\main\AndroidManifest.xml:225:17-50
	android:scheme
		ADDED from src\main\AndroidManifest.xml:225:23-47
receiver#cn.jpush.android.service.AlarmReceiver
ADDED from src\main\AndroidManifest.xml:231:9-99
	android:exported
		ADDED from src\main\AndroidManifest.xml:231:73-97
	android:name
		ADDED from src\main\AndroidManifest.xml:231:19-72
receiver#com.share.teacher.service.MyReceiver
ADDED from src\main\AndroidManifest.xml:234:9-248:20
	android:enabled
		ADDED from src\main\AndroidManifest.xml:237:17-39
	android:exported
		ADDED from src\main\AndroidManifest.xml:236:17-41
	android:name
		ADDED from src\main\AndroidManifest.xml:235:17-68
intent-filter#cn.jpush.android.intent.ACTION_RICHPUSH_CALLBACK+cn.jpush.android.intent.CONNECTION+cn.jpush.android.intent.MESSAGE_RECEIVED+cn.jpush.android.intent.NOTIFICATION_OPENED+cn.jpush.android.intent.NOTIFICATION_RECEIVED+cn.jpush.android.intent.REGISTRATION+cn.jpush.android.intent.UNREGISTRATION+com.share.teacher
ADDED from src\main\AndroidManifest.xml:238:13-247:29
action#cn.jpush.android.intent.REGISTRATION
ADDED from src\main\AndroidManifest.xml:239:17-79
	android:name
		ADDED from src\main\AndroidManifest.xml:239:25-76
action#cn.jpush.android.intent.UNREGISTRATION
ADDED from src\main\AndroidManifest.xml:240:17-81
	android:name
		ADDED from src\main\AndroidManifest.xml:240:25-78
action#cn.jpush.android.intent.MESSAGE_RECEIVED
ADDED from src\main\AndroidManifest.xml:241:17-83
	android:name
		ADDED from src\main\AndroidManifest.xml:241:25-80
action#cn.jpush.android.intent.NOTIFICATION_RECEIVED
ADDED from src\main\AndroidManifest.xml:242:17-88
	android:name
		ADDED from src\main\AndroidManifest.xml:242:25-85
action#cn.jpush.android.intent.NOTIFICATION_OPENED
ADDED from src\main\AndroidManifest.xml:243:17-86
	android:name
		ADDED from src\main\AndroidManifest.xml:243:25-83
action#cn.jpush.android.intent.ACTION_RICHPUSH_CALLBACK
ADDED from src\main\AndroidManifest.xml:244:17-91
	android:name
		ADDED from src\main\AndroidManifest.xml:244:25-88
action#cn.jpush.android.intent.CONNECTION
ADDED from src\main\AndroidManifest.xml:245:17-77
	android:name
		ADDED from src\main\AndroidManifest.xml:245:25-74
meta-data#JPUSH_CHANNEL
ADDED from src\main\AndroidManifest.xml:252:9-84
	android:value
		ADDED from src\main\AndroidManifest.xml:252:49-82
	android:name
		ADDED from src\main\AndroidManifest.xml:252:20-48
meta-data#JPUSH_APPKEY
ADDED from src\main\AndroidManifest.xml:253:9-91
	android:value
		ADDED from src\main\AndroidManifest.xml:253:48-88
	android:name
		ADDED from src\main\AndroidManifest.xml:253:20-47
activity#com.share.teacher.activity.TeacherMainActivity
ADDED from src\main\AndroidManifest.xml:259:9-260:57
	android:screenOrientation
		ADDED from src\main\AndroidManifest.xml:260:19-55
	android:name
		ADDED from src\main\AndroidManifest.xml:259:19-63
activity#com.share.teacher.activity.home.TeacherCertifyActivity
ADDED from src\main\AndroidManifest.xml:261:9-262:57
	android:screenOrientation
		ADDED from src\main\AndroidManifest.xml:262:19-55
	android:name
		ADDED from src\main\AndroidManifest.xml:261:19-71
activity#com.share.teacher.activity.home.IDCardCertifyActivity
ADDED from src\main\AndroidManifest.xml:263:9-264:57
	android:screenOrientation
		ADDED from src\main\AndroidManifest.xml:264:19-55
	android:name
		ADDED from src\main\AndroidManifest.xml:263:19-70
activity#com.share.teacher.activity.teacher.SchoolCertifyActivity
ADDED from src\main\AndroidManifest.xml:265:9-266:57
	android:screenOrientation
		ADDED from src\main\AndroidManifest.xml:266:19-55
	android:name
		ADDED from src\main\AndroidManifest.xml:265:19-73
activity#com.share.teacher.activity.home.CourseSettingActivity
ADDED from src\main\AndroidManifest.xml:267:9-268:57
	android:screenOrientation
		ADDED from src\main\AndroidManifest.xml:268:19-55
	android:name
		ADDED from src\main\AndroidManifest.xml:267:19-70
service#com.download.update.DownloadService
ADDED from src\main\AndroidManifest.xml:270:9-273:19
	android:exported
		ADDED from src\main\AndroidManifest.xml:272:13-37
	android:name
		ADDED from src\main\AndroidManifest.xml:271:13-63